{
  "0 debug pnpm:scope": {
    "selected": 1,
    "workspacePrefix": "/Users/zanxiaoyu/zxy7/zaya"
  },
  "1 error pnpm": {
    "code": "ELIFECYCLE",
    "errno": "ENOENT",
    "syscall": "spawn",
    "file": "sh",
    "pkgid": "app@1.0.0",
    "stage": "start",
    "script": "zaya",
    "pkgname": "app",
    "err": {
      "name": "pnpm",
      "message": "app@1.0.0 start: `zaya`\nspawn ENOENT",
      "code": "ELIFECYCLE",
      "stack": "pnpm: app@1.0.0 start: `zaya`\nspawn ENOENT\n    at ChildProcess.<anonymous> (/snapshot/dist/pnpm.cjs)\n    at ChildProcess.emit (events.js:376:20)\n    at maybeClose (internal/child_process.js:1055:16)\n    at Process.ChildProcess._handle.onexit (internal/child_process.js:288:5)"
    }
  },
  "2 warn pnpm:global": " Local package.json exists, but node_modules missing, did you mean to install?"
}